  CameraActor.cpp
  Game.cpp
  Mesh.cpp
E:\program\C++\code-master\code-master\Chapter06\Mesh.cpp(116,74): warning C4244: 'argument': conversion from 'double' to 'float', possible loss of data
E:\program\C++\code-master\code-master\Chapter06\Mesh.cpp(116,53): warning C4244: 'argument': conversion from 'double' to 'float', possible loss of data
E:\program\C++\code-master\code-master\Chapter06\Mesh.cpp(116,32): warning C4244: 'argument': conversion from 'double' to 'float', possible loss of data
  MeshComponent.cpp
  PlaneActor.cpp
  Renderer.cpp
  SpriteComponent.cpp
  Generating Code...
SOIL.lib(image_DXT.obj) : warning LNK4099: PDB '' was not found with 'SOIL.lib(image_DXT.obj)' or at ''; linking object as if no debug info
SOIL.lib(image_helper.obj) : warning LNK4099: PDB '' was not found with 'SOIL.lib(image_helper.obj)' or at ''; linking object as if no debug info
SOIL.lib(SOIL.obj) : warning LNK4099: PDB '' was not found with 'SOIL.lib(SOIL.obj)' or at ''; linking object as if no debug info
SOIL.lib(stb_image_aug.obj) : warning LNK4099: PDB '' was not found with 'SOIL.lib(stb_image_aug.obj)' or at ''; linking object as if no debug info
  Game.vcxproj -> E:\program\C++\code-master\code-master\Chapter06\Debug\Game.exe
  'pwsh.exe' 不是内部或外部命令，也不是可运行的程序
  或批处理文件。
  E:\program\C++\code-master\code-master\Chapter06\\..\external\SDL\lib\win\x86\libfreetype-6.dll
  E:\program\C++\code-master\code-master\Chapter06\\..\external\SDL\lib\win\x86\libogg-0.dll
  E:\program\C++\code-master\code-master\Chapter06\\..\external\SDL\lib\win\x86\libpng16-16.dll
  E:\program\C++\code-master\code-master\Chapter06\\..\external\SDL\lib\win\x86\libvorbis-0.dll
  E:\program\C++\code-master\code-master\Chapter06\\..\external\SDL\lib\win\x86\libvorbisfile-3.dll
  E:\program\C++\code-master\code-master\Chapter06\\..\external\SDL\lib\win\x86\SDL2.dll
  E:\program\C++\code-master\code-master\Chapter06\\..\external\SDL\lib\win\x86\SDL2_image.dll
  E:\program\C++\code-master\code-master\Chapter06\\..\external\SDL\lib\win\x86\SDL2_mixer.dll
  E:\program\C++\code-master\code-master\Chapter06\\..\external\SDL\lib\win\x86\SDL2_ttf.dll
  E:\program\C++\code-master\code-master\Chapter06\\..\external\SDL\lib\win\x86\zlib1.dll
  复制了 10 个文件
  E:\program\C++\code-master\code-master\Chapter06\\..\external\GLEW\lib\win\x86\glew32.dll
  复制了 1 个文件
